<?xml version="1.0" encoding="UTF-8"?>
<!-- Generated by org.testng.reporters.JUnitReportReporter -->
<testsuite hostname="ESL004" name="com.enhops.testscripts.test" tests="2" failures="0" timestamp="23 Nov 2015 09:18:30 GMT" time="3.011" errors="0">
  <testcase name="testing34" time="1.003" classname="com.enhops.testscripts.test"/>
  <testcase name="testing123" time="2.008" classname="com.enhops.testscripts.test"/>
</testsuite> <!-- com.enhops.testscripts.test -->
