<?xml version="1.0" encoding="UTF-8"?>
<!-- Generated by org.testng.reporters.JUnitReportReporter -->
<testsuite hostname="ESL009" name="com.enhops.scripts.AdactinLoginTest" tests="1" failures="0" timestamp="22 Jul 2016 10:40:22 GMT" time="18.722" errors="0">
  <testcase name="Adactin_User_Login" time="18.722" classname="com.enhops.scripts.AdactinLoginTest"/>
</testsuite> <!-- com.enhops.scripts.AdactinLoginTest -->
